java.lang.reflect.InaccessibleObjectException: Unable to make field private final long java.lang.ProcessImpl.handle accessible: module java.base does not "opens java.lang" to unnamed module @5e17553a
	at java.base/java.lang.reflect.AccessibleObject.throwInaccessibleObjectException(AccessibleObject.java:388)
	at java.base/java.lang.reflect.AccessibleObject.checkCanSetAccessible(AccessibleObject.java:364)
	at java.base/java.lang.reflect.AccessibleObject.checkCanSetAccessible(AccessibleObject.java:312)
	at java.base/java.lang.reflect.Field.checkCanSetAccessible(Field.java:183)
	at java.base/java.lang.reflect.Field.setAccessible(Field.java:177)
	at de.flapdoodle.embed.process.runtime.Processes.windowsProcessId(Processes.java:115)
	at de.flapdoodle.embed.process.runtime.Processes.access$200(Processes.java:48)
	at de.flapdoodle.embed.process.runtime.Processes$PidHelper$3.getPid(Processes.java:222)
	at de.flapdoodle.embed.process.runtime.Processes.processId(Processes.java:83)
	at de.flapdoodle.embed.process.runtime.ProcessControl.<init>(ProcessControl.java:65)
	at de.flapdoodle.embed.process.runtime.ProcessControl.start(ProcessControl.java:165)
	at de.flapdoodle.embed.process.runtime.AbstractProcess.<init>(AbstractProcess.java:96)
	at de.flapdoodle.embed.mongo.AbstractMongoProcess.<init>(AbstractMongoProcess.java:54)
	at de.flapdoodle.embed.mongo.MongodProcess.<init>(MongodProcess.java:50)
	at de.flapdoodle.embed.mongo.MongodExecutable.start(MongodExecutable.java:44)
	at de.flapdoodle.embed.mongo.MongodExecutable.start(MongodExecutable.java:34)
	at de.flapdoodle.embed.process.runtime.Executable.start(Executable.java:109)
	at com.moneymanager.MoneyManagerApplication.main(MoneyManagerApplication.java:30)
	at java.base/jdk.internal.reflect.DirectMethodHandleAccessor.invoke(DirectMethodHandleAccessor.java:103)
	at java.base/java.lang.reflect.Method.invoke(Method.java:580)
	at org.springframework.boot.loader.launch.Launcher.launch(Launcher.java:91)
	at org.springframework.boot.loader.launch.Launcher.launch(Launcher.java:53)
	at org.springframework.boot.loader.launch.JarLauncher.main(JarLauncher.java:58)
